<?xml version="1.0" encoding="UTF-8"?>
<testsuite name="DockingStationTest" tests="1" skipped="0" failures="0" errors="0" timestamp="2021-09-06T13:12:27" hostname="Ians-Air.lan" time="0.045">
  <properties/>
  <testcase name="testANewDockingStationIsEmpty()" classname="DockingStationTest" time="0.045"/>
  <system-out><![CDATA[]]></system-out>
  <system-err><![CDATA[]]></system-err>
</testsuite>
