<?xml version="1.0" encoding="UTF-8"?>
<testsuite name="BikeTest" tests="1" skipped="0" failures="0" errors="0" timestamp="2021-09-06T13:33:11" hostname="Ians-Air.lan" time="0.047">
  <properties/>
  <testcase name="testANewBikeIsWorking()" classname="BikeTest" time="0.047"/>
  <system-out><![CDATA[]]></system-out>
  <system-err><![CDATA[]]></system-err>
</testsuite>
